<?xml version="1.0" encoding="UTF-8"?>
<!-- Generated by org.testng.reporters.JUnitReportReporter -->
<testsuite hostname="ACP-PC" name="com.MockAPI.QA.WireMockCarProject" tests="5" failures="0" timestamp="16 Aug 2020 23:58:32 GMT" time="5.477" errors="0">
  <testcase name="getResponse" time="3.032" classname="com.MockAPI.QA.WireMockCarProject"/>
  <testcase name="CountBlueCars" time="1.349" classname="com.MockAPI.QA.WireMockCarProject"/>
  <testcase name="qBLowestRentalCost" time="0.320" classname="com.MockAPI.QA.WireMockCarProject"/>
  <testcase name="qALowestRentalCost" time="0.313" classname="com.MockAPI.QA.WireMockCarProject"/>
  <testcase name="highRevenueCar" time="0.463" classname="com.MockAPI.QA.WireMockCarProject"/>
</testsuite> <!-- com.MockAPI.QA.WireMockCarProject -->
